<?xml version="1.0" encoding="UTF-8"?>
<robot generator="Robot 6.1.1 (Python 3.12.0 on win32)" generated="20231130 17:08:08.634" rpa="false" schemaversion="4">
<suite id="s1" name="Cenarios Testes" source="C:\Users\pc gamer\Desktop\Automacao_Desafio_Fadami\tests\Cenarios_Testes.robot">
<test id="s1-t1" name="Cenário 01: Acessar o site Saucedemo com User válio" line="8">
<kw name="Dado que eu seja um user válido para acessar o sistema" library="Automation_Web">
<kw name="Open Browser" library="SeleniumLibrary">
<arg>${URL}</arg>
<doc>Opens a new browser instance to the optional ``url``.</doc>
<msg timestamp="20231130 17:08:08.836" level="INFO">Opening browser 'firefox' to base url 'https://www.saucedemo.com/'.</msg>
<msg timestamp="20231130 17:08:10.077" level="WARN">The geckodriver version (0.30.0) detected in PATH at C:\gecko\geckodriver.exe might not be compatible with the detected firefox version (114.0.2.8570); currently, geckodriver 0.33.0 is recommended for firefox 114.*, so it is advised to delete the driver in PATH and retry</msg>
<status status="PASS" starttime="20231130 17:08:08.836" endtime="20231130 17:08:17.140"/>
</kw>
<kw name="Maximize Browser Window" library="SeleniumLibrary">
<doc>Maximizes current browser window.</doc>
<status status="PASS" starttime="20231130 17:08:17.140" endtime="20231130 17:08:17.403"/>
</kw>
<status status="PASS" starttime="20231130 17:08:08.836" endtime="20231130 17:08:17.403"/>
</kw>
<kw name="Quando eu inserir minhas credenciais" library="Automation_Web">
<kw name="Wait Until Element Is Visible" library="SeleniumLibrary">
<arg>${LOGIN}</arg>
<arg>5s</arg>
<doc>Waits until the element ``locator`` is visible.</doc>
<status status="PASS" starttime="20231130 17:08:17.404" endtime="20231130 17:08:17.537"/>
</kw>
<kw name="Wait Until Element Is Visible" library="SeleniumLibrary">
<arg>${SENHA}</arg>
<arg>5s</arg>
<doc>Waits until the element ``locator`` is visible.</doc>
<status status="PASS" starttime="20231130 17:08:17.537" endtime="20231130 17:08:17.551"/>
</kw>
<kw name="Input Text" library="SeleniumLibrary">
<arg>${LOGIN}</arg>
<arg>standard_user</arg>
<doc>Types the given ``text`` into the text field identified by ``locator``.</doc>
<msg timestamp="20231130 17:08:17.551" level="INFO">Typing text 'standard_user' into text field '//input[@id='user-name']'.</msg>
<status status="PASS" starttime="20231130 17:08:17.551" endtime="20231130 17:08:17.627"/>
</kw>
<kw name="Input Text" library="SeleniumLibrary">
<arg>${SENHA}</arg>
<arg>secret_sauce</arg>
<doc>Types the given ``text`` into the text field identified by ``locator``.</doc>
<msg timestamp="20231130 17:08:17.627" level="INFO">Typing text 'secret_sauce' into text field '//input[@id='password']'.</msg>
<status status="PASS" starttime="20231130 17:08:17.627" endtime="20231130 17:08:17.648"/>
</kw>
<kw name="Sleep" library="BuiltIn">
<arg>3s</arg>
<doc>Pauses the test executed for the given time.</doc>
<msg timestamp="20231130 17:08:20.649" level="INFO">Slept 3 seconds</msg>
<status status="PASS" starttime="20231130 17:08:17.648" endtime="20231130 17:08:20.649"/>
</kw>
<status status="PASS" starttime="20231130 17:08:17.404" endtime="20231130 17:08:20.649"/>
</kw>
<kw name="Então espero realizar o Login no sistema" library="Automation_Web">
<kw name="Click Element" library="SeleniumLibrary">
<arg>${BUTTON}</arg>
<doc>Click the element identified by ``locator``.</doc>
<msg timestamp="20231130 17:08:20.650" level="INFO">Clicking element '//input[@id='login-button']'.</msg>
<status status="PASS" starttime="20231130 17:08:20.650" endtime="20231130 17:08:20.925"/>
</kw>
<kw name="Sleep" library="BuiltIn">
<arg>3s</arg>
<doc>Pauses the test executed for the given time.</doc>
<msg timestamp="20231130 17:08:23.925" level="INFO">Slept 3 seconds</msg>
<status status="PASS" starttime="20231130 17:08:20.925" endtime="20231130 17:08:23.925"/>
</kw>
<status status="PASS" starttime="20231130 17:08:20.649" endtime="20231130 17:08:23.925"/>
</kw>
<status status="PASS" starttime="20231130 17:08:08.835" endtime="20231130 17:08:23.925"/>
</test>
<test id="s1-t2" name="Cenário 02: Realizar a compra de um Produto" line="13">
<kw name="Dado que eu esteja logado no sistema" library="Automation_Web">
<kw name="Wait Until Element Is Visible" library="SeleniumLibrary">
<arg>${PRODUCT}</arg>
<doc>Waits until the element ``locator`` is visible.</doc>
<status status="PASS" starttime="20231130 17:08:23.927" endtime="20231130 17:08:23.940"/>
</kw>
<kw name="Sleep" library="BuiltIn">
<arg>3s</arg>
<doc>Pauses the test executed for the given time.</doc>
<msg timestamp="20231130 17:08:26.941" level="INFO">Slept 3 seconds</msg>
<status status="PASS" starttime="20231130 17:08:23.940" endtime="20231130 17:08:26.941"/>
</kw>
<status status="PASS" starttime="20231130 17:08:23.927" endtime="20231130 17:08:26.941"/>
</kw>
<kw name="E selecione um produto na tela Home" library="Automation_Web">
<kw name="Click Element" library="SeleniumLibrary">
<arg>${PRODUCT}</arg>
<doc>Click the element identified by ``locator``.</doc>
<msg timestamp="20231130 17:08:26.942" level="INFO">Clicking element '//img[@alt='Sauce Labs Bike Light']'.</msg>
<status status="PASS" starttime="20231130 17:08:26.942" endtime="20231130 17:08:27.164"/>
</kw>
<kw name="Sleep" library="BuiltIn">
<arg>2s</arg>
<doc>Pauses the test executed for the given time.</doc>
<msg timestamp="20231130 17:08:29.165" level="INFO">Slept 2 seconds</msg>
<status status="PASS" starttime="20231130 17:08:27.164" endtime="20231130 17:08:29.165"/>
</kw>
<status status="PASS" starttime="20231130 17:08:26.941" endtime="20231130 17:08:29.165"/>
</kw>
<kw name="Quando eu ir para o carrinho" library="Automation_Web">
<kw name="Wait Until Element Is Visible" library="SeleniumLibrary">
<arg>${BUTTONPRODUCT}</arg>
<doc>Waits until the element ``locator`` is visible.</doc>
<status status="PASS" starttime="20231130 17:08:29.166" endtime="20231130 17:08:29.178"/>
</kw>
<kw name="Sleep" library="BuiltIn">
<arg>2s</arg>
<doc>Pauses the test executed for the given time.</doc>
<msg timestamp="20231130 17:08:31.178" level="INFO">Slept 2 seconds</msg>
<status status="PASS" starttime="20231130 17:08:29.178" endtime="20231130 17:08:31.178"/>
</kw>
<kw name="Click Element" library="SeleniumLibrary">
<arg>${BUTTONPRODUCT}</arg>
<doc>Click the element identified by ``locator``.</doc>
<msg timestamp="20231130 17:08:31.178" level="INFO">Clicking element '//button[@id='add-to-cart-sauce-labs-bike-light']'.</msg>
<status status="PASS" starttime="20231130 17:08:31.178" endtime="20231130 17:08:31.396"/>
</kw>
<kw name="Click Element" library="SeleniumLibrary">
<arg>${CARRINHO}</arg>
<doc>Click the element identified by ``locator``.</doc>
<msg timestamp="20231130 17:08:31.397" level="INFO">Clicking element '//a[@class='shopping_cart_link']'.</msg>
<status status="PASS" starttime="20231130 17:08:31.397" endtime="20231130 17:08:31.611"/>
</kw>
<kw name="Click Element" library="SeleniumLibrary">
<arg>${CHECKOUT}</arg>
<doc>Click the element identified by ``locator``.</doc>
<msg timestamp="20231130 17:08:31.611" level="INFO">Clicking element '//button[@id='checkout']'.</msg>
<status status="PASS" starttime="20231130 17:08:31.611" endtime="20231130 17:08:31.825"/>
</kw>
<kw name="Input Text" library="SeleniumLibrary">
<arg>${FNAME}</arg>
<arg>Rafael</arg>
<doc>Types the given ``text`` into the text field identified by ``locator``.</doc>
<msg timestamp="20231130 17:08:31.826" level="INFO">Typing text 'Rafael' into text field '//input[@id='first-name']'.</msg>
<status status="PASS" starttime="20231130 17:08:31.826" endtime="20231130 17:08:31.845"/>
</kw>
<kw name="Input Text" library="SeleniumLibrary">
<arg>${LNAME}</arg>
<arg>Siqueira</arg>
<doc>Types the given ``text`` into the text field identified by ``locator``.</doc>
<msg timestamp="20231130 17:08:31.845" level="INFO">Typing text 'Siqueira' into text field '//input[@id='last-name']'.</msg>
<status status="PASS" starttime="20231130 17:08:31.845" endtime="20231130 17:08:31.866"/>
</kw>
<kw name="Input Password" library="SeleniumLibrary">
<arg>${ZIP}</arg>
<arg>24451230</arg>
<doc>Types the given password into the text field identified by ``locator``.</doc>
<msg timestamp="20231130 17:08:31.866" level="INFO">Typing password into text field '//input[@id='postal-code']'.</msg>
<msg timestamp="20231130 17:08:31.870" level="INFO">Temporally setting log level to: NONE</msg>
<msg timestamp="20231130 17:08:31.885" level="INFO">Log level changed from NONE to INFO.</msg>
<status status="PASS" starttime="20231130 17:08:31.866" endtime="20231130 17:08:31.885"/>
</kw>
<kw name="Click Element" library="SeleniumLibrary">
<arg>${CONTINUE}</arg>
<doc>Click the element identified by ``locator``.</doc>
<msg timestamp="20231130 17:08:31.885" level="INFO">Clicking element '//input[@id='continue']'.</msg>
<status status="PASS" starttime="20231130 17:08:31.885" endtime="20231130 17:08:32.104"/>
</kw>
<kw name="Sleep" library="BuiltIn">
<arg>3s</arg>
<doc>Pauses the test executed for the given time.</doc>
<msg timestamp="20231130 17:08:35.104" level="INFO">Slept 3 seconds</msg>
<status status="PASS" starttime="20231130 17:08:32.104" endtime="20231130 17:08:35.104"/>
</kw>
<status status="PASS" starttime="20231130 17:08:29.165" endtime="20231130 17:08:35.104"/>
</kw>
<kw name="Então devo fechar o pedido" library="Automation_Web">
<kw name="Click Element" library="SeleniumLibrary">
<arg>${FINISH}</arg>
<doc>Click the element identified by ``locator``.</doc>
<msg timestamp="20231130 17:08:35.105" level="INFO">Clicking element '//button[@id='finish']'.</msg>
<status status="PASS" starttime="20231130 17:08:35.104" endtime="20231130 17:08:35.328"/>
</kw>
<kw name="Close Browser" library="SeleniumLibrary">
<doc>Closes the current browser.</doc>
<status status="PASS" starttime="20231130 17:08:35.328" endtime="20231130 17:08:38.122"/>
</kw>
<status status="PASS" starttime="20231130 17:08:35.104" endtime="20231130 17:08:38.122"/>
</kw>
<status status="PASS" starttime="20231130 17:08:23.926" endtime="20231130 17:08:38.122"/>
</test>
<doc>Assertions para o GET de buscar CEP na API</doc>
<status status="PASS" starttime="20231130 17:08:08.635" endtime="20231130 17:08:38.123"/>
</suite>
<statistics>
<total>
<stat pass="2" fail="0" skip="0">All Tests</stat>
</total>
<tag>
</tag>
<suite>
<stat pass="2" fail="0" skip="0" id="s1" name="Cenarios Testes">Cenarios Testes</stat>
</suite>
</statistics>
<errors>
<msg timestamp="20231130 17:08:08.829" level="ERROR">Error in file 'C:\Users\pc gamer\Desktop\Automacao_Desafio_Fadami\base\base.robot' on line 10: Error in file 'C:\Users\pc gamer\Desktop\Automacao_Desafio_Fadami\tests\Cenarios_Testes.robot' on line 6: Resource file with 'Test Cases' section is invalid.</msg>
<msg timestamp="20231130 17:08:10.077" level="WARN">The geckodriver version (0.30.0) detected in PATH at C:\gecko\geckodriver.exe might not be compatible with the detected firefox version (114.0.2.8570); currently, geckodriver 0.33.0 is recommended for firefox 114.*, so it is advised to delete the driver in PATH and retry</msg>
</errors>
</robot>
